Spydroid/build/outputs/logs/manifest-merger-debug-report.txt
-- Merging decision tree log ---
manifest
ADDED from src\main\AndroidManifest.xml:2:1-78:12
	package
		ADDED from src\main\AndroidManifest.xml:3:5-44
		INJECTED from src\main\AndroidManifest.xml
		INJECTED from src\main\AndroidManifest.xml
	android:versionName
		ADDED from src\main\AndroidManifest.xml:5:5-29
	android:versionCode
		ADDED from src\main\AndroidManifest.xml:4:5-31
		INJECTED from src\main\AndroidManifest.xml
		INJECTED from src\main\AndroidManifest.xml
	xmlns:android
		ADDED from src\main\AndroidManifest.xml:2:11-69
uses-sdk
ADDED from src\main\AndroidManifest.xml:7:5-9:41
	android:targetSdkVersion
		ADDED from src\main\AndroidManifest.xml:9:9-38
		INJECTED from src\main\AndroidManifest.xml
		INJECTED from src\main\AndroidManifest.xml
	android:minSdkVersion
		ADDED from src\main\AndroidManifest.xml:8:9-35
		INJECTED from src\main\AndroidManifest.xml
		INJECTED from src\main\AndroidManifest.xml
uses-feature#android.hardware.camera
ADDED from src\main\AndroidManifest.xml:11:5-60
	android:name
		ADDED from src\main\AndroidManifest.xml:11:19-57
uses-feature#android.hardware.camera.autofocus
ADDED from src\main\AndroidManifest.xml:12:5-70
	android:name
		ADDED from src\main\AndroidManifest.xml:12:19-67
uses-feature#android.hardware.usb.host
ADDED from src\main\AndroidManifest.xml:13:5-62
	android:name
		ADDED from src\main\AndroidManifest.xml:13:19-59
uses-permission#android.permission.INTERNET
ADDED from src\main\AndroidManifest.xml:16:5-67
	android:name
		ADDED from src\main\AndroidManifest.xml:16:22-64
uses-permission#android.permission.ACCESS_NETWORK_STATE
ADDED from src\main\AndroidManifest.xml:17:5-79
	android:name
		ADDED from src\main\AndroidManifest.xml:17:22-76
uses-permission#android.permission.WRITE_EXTERNAL_STORAGE
ADDED from src\main\AndroidManifest.xml:18:5-81
	android:name
		ADDED from src\main\AndroidManifest.xml:18:22-78
uses-permission#android.permission.RECORD_AUDIO
ADDED from src\main\AndroidManifest.xml:19:5-71
	android:name
		ADDED from src\main\AndroidManifest.xml:19:22-68
uses-permission#android.permission.WAKE_LOCK
ADDED from src\main\AndroidManifest.xml:20:5-68
	android:name
		ADDED from src\main\AndroidManifest.xml:20:22-65
uses-permission#android.permission.ACCESS_WIFI_STATE
ADDED from src\main\AndroidManifest.xml:21:5-76
	android:name
		ADDED from src\main\AndroidManifest.xml:21:22-73
uses-permission#android.permission.CHANGE_WIFI_MULTICAST_STATE
ADDED from src\main\AndroidManifest.xml:22:5-86
	android:name
		ADDED from src\main\AndroidManifest.xml:22:22-83
uses-permission#android.permission.CAMERA
ADDED from src\main\AndroidManifest.xml:23:2-62
	android:name
		ADDED from src\main\AndroidManifest.xml:23:19-59
uses-permission#android.permission.VIBRATE
ADDED from src\main\AndroidManifest.xml:24:5-66
	android:name
		ADDED from src\main\AndroidManifest.xml:24:22-63
application
ADDED from src\main\AndroidManifest.xml:28:5-76:19
	android:label
		ADDED from src\main\AndroidManifest.xml:32:9-41
	android:allowBackup
		ADDED from src\main\AndroidManifest.xml:30:9-35
	android:icon
		ADDED from src\main\AndroidManifest.xml:31:9-38
	android:name
		ADDED from src\main\AndroidManifest.xml:29:9-73
activity#net.majorkernelpanic.spydroid.ui.SpydroidActivity
ADDED from src\main\AndroidManifest.xml:34:9-43:20
	android:label
		ADDED from src\main\AndroidManifest.xml:36:13-45
	android:launchMode
		ADDED from src\main\AndroidManifest.xml:37:13-48
	android:name
		ADDED from src\main\AndroidManifest.xml:35:13-77
intent-filter#android.intent.action.MAIN+android.intent.category.LAUNCHER
ADDED from src\main\AndroidManifest.xml:38:13-42:29
action#android.intent.action.MAIN
ADDED from src\main\AndroidManifest.xml:39:17-69
	android:name
		ADDED from src\main\AndroidManifest.xml:39:25-66
category#android.intent.category.LAUNCHER
ADDED from src\main\AndroidManifest.xml:41:17-77
	android:name
		ADDED from src\main\AndroidManifest.xml:41:27-74
activity#com.google.ads.AdActivity
ADDED from src\main\AndroidManifest.xml:45:9-47:125
	android:configChanges
		ADDED from src\main\AndroidManifest.xml:47:13-122
	android:name
		ADDED from src\main\AndroidManifest.xml:46:13-53
activity#net.majorkernelpanic.spydroid.ui.OptionsActivity
ADDED from src\main\AndroidManifest.xml:49:9-52:20
	android:label
		ADDED from src\main\AndroidManifest.xml:51:13-59
	android:name
		ADDED from src\main\AndroidManifest.xml:50:13-76
service#net.majorkernelpanic.spydroid.api.CustomHttpServer
ADDED from src\main\AndroidManifest.xml:54:9-85
	android:name
		ADDED from src\main\AndroidManifest.xml:54:18-83
service#net.majorkernelpanic.spydroid.api.CustomRtspServer
ADDED from src\main\AndroidManifest.xml:55:9-85
	android:name
		ADDED from src\main\AndroidManifest.xml:55:18-83
activity#net.majorkernelpanic.DeviceListActivity
ADDED from src\main\AndroidManifest.xml:58:9-70:20
	android:label
		ADDED from src\main\AndroidManifest.xml:60:13-45
	android:theme
		ADDED from src\main\AndroidManifest.xml:61:13-77
	android:name
		ADDED from src\main\AndroidManifest.xml:59:13-67
intent-filter#android.hardware.usb.action.USB_DEVICE_ATTACHED
ADDED from src\main\AndroidManifest.xml:63:13-65:29
action#android.hardware.usb.action.USB_DEVICE_ATTACHED
ADDED from src\main\AndroidManifest.xml:64:17-90
	android:name
		ADDED from src\main\AndroidManifest.xml:64:25-87
meta-data#android.hardware.usb.action.USB_DEVICE_ATTACHED
ADDED from src\main\AndroidManifest.xml:67:13-69:57
	android:resource
		ADDED from src\main\AndroidManifest.xml:69:17-54
	android:name
		ADDED from src\main\AndroidManifest.xml:68:17-79
activity#net.majorkernelpanic.SerialConsoleActivity
ADDED from src\main\AndroidManifest.xml:71:9-75:20
	android:label
		ADDED from src\main\AndroidManifest.xml:73:13-45
	android:theme
		ADDED from src\main\AndroidManifest.xml:74:13-77
	android:name
		ADDED from src\main\AndroidManifest.xml:72:13-70